Traceback (most recent call last):
  File "/home/jnear/anaconda3/envs/mpc_book/lib/python3.11/site-packages/jupyter_cache/executors/utils.py", line 58, in single_nb_execution
    executenb(
  File "/home/jnear/anaconda3/envs/mpc_book/lib/python3.11/site-packages/nbclient/client.py", line 1314, in execute
    return NotebookClient(nb=nb, resources=resources, km=km, **kwargs).execute()
           ^^^^^^^^^^^^^^^^^^^^^^^^^^^^^^^^^^^^^^^^^^^^^^^^^^^^^^^^^^^^^^^^^^^^^
  File "/home/jnear/anaconda3/envs/mpc_book/lib/python3.11/site-packages/jupyter_core/utils/__init__.py", line 165, in wrapped
    return loop.run_until_complete(inner)
           ^^^^^^^^^^^^^^^^^^^^^^^^^^^^^^
  File "/home/jnear/anaconda3/envs/mpc_book/lib/python3.11/asyncio/base_events.py", line 654, in run_until_complete
    return future.result()
           ^^^^^^^^^^^^^^^
  File "/home/jnear/anaconda3/envs/mpc_book/lib/python3.11/site-packages/nbclient/client.py", line 709, in async_execute
    await self.async_execute_cell(
  File "/home/jnear/anaconda3/envs/mpc_book/lib/python3.11/site-packages/nbclient/client.py", line 1062, in async_execute_cell
    await self._check_raise_for_error(cell, cell_index, exec_reply)
  File "/home/jnear/anaconda3/envs/mpc_book/lib/python3.11/site-packages/nbclient/client.py", line 918, in _check_raise_for_error
    raise CellExecutionError.from_cell_and_msg(cell, exec_reply_content)
nbclient.exceptions.CellExecutionError: An error occurred while executing the following cell:
------------------
def reconstruct(shares):
    return gf(shares).sum()

shares = share(secret=5, n=3)
print('Shares:', shares)
print('Reconstructed value:', reconstruct(shares))
------------------

----- stdout -----
Shares: [GF(10, order=11), GF(4, order=11), GF(2, order=11)]
------------------

[0;31m---------------------------------------------------------------------------[0m
[0;31mNameError[0m                                 Traceback (most recent call last)
Cell [0;32mIn[5], line 6[0m
[1;32m      4[0m shares [38;5;241m=[39m share(secret[38;5;241m=[39m[38;5;241m5[39m, n[38;5;241m=[39m[38;5;241m3[39m)
[1;32m      5[0m [38;5;28mprint[39m([38;5;124m'[39m[38;5;124mShares:[39m[38;5;124m'[39m, shares)
[0;32m----> 6[0m [38;5;28mprint[39m([38;5;124m'[39m[38;5;124mReconstructed value:[39m[38;5;124m'[39m, [43mreconstruct[49m[43m([49m[43mshares[49m[43m)[49m)

Cell [0;32mIn[5], line 2[0m, in [0;36mreconstruct[0;34m(shares)[0m
[1;32m      1[0m [38;5;28;01mdef[39;00m [38;5;21mreconstruct[39m(shares):
[0;32m----> 2[0m     [38;5;28;01mreturn[39;00m [43mgf[49m(shares)[38;5;241m.[39msum()

[0;31mNameError[0m: name 'gf' is not defined

